TN:
SF:/Users/gjones/Documents/projects/hapi-swagger/lib/builder.js
DA:1,1
DA:2,1
DA:3,1
DA:4,1
DA:5,1
DA:6,1
DA:7,1
DA:8,1
DA:9,1
DA:10,1
DA:11,1
DA:12,1
DA:13,1
DA:14,1
DA:15,1
DA:16,1
DA:17,1
DA:18,1
DA:19,1
DA:20,1
DA:21,1
DA:22,1
DA:23,1
DA:24,1
DA:25,1
DA:26,1
DA:27,1
DA:28,1
DA:29,1
DA:30,1
DA:31,1
DA:32,1
DA:33,1
DA:34,1
DA:35,1
DA:36,1
DA:37,1
DA:38,1
DA:39,1
DA:40,1
DA:41,1
DA:42,1
DA:43,1
DA:44,1
DA:45,1
DA:46,1
DA:47,1
DA:48,1
DA:49,1
DA:50,1
DA:51,1
DA:52,1
DA:53,1
DA:54,1
DA:55,1
DA:56,1
DA:57,1
DA:58,1
DA:59,1
DA:60,1
DA:61,1
DA:62,32
DA:63,1
DA:64,1
DA:65,1
DA:66,1
DA:67,1
DA:68,1
DA:69,1
DA:70,1
DA:71,1
DA:72,1
DA:73,32
DA:74,1
DA:75,1
DA:76,1
DA:77,1
DA:78,1
DA:79,1
DA:80,1
DA:81,1
DA:82,1
DA:83,1
DA:84,64
DA:85,64
DA:86,1
DA:87,1
DA:88,1
DA:89,1
DA:90,1
DA:91,1
DA:92,1
DA:93,1
DA:94,1
DA:95,512
DA:96,1
DA:97,64
DA:98,1
DA:99,1
DA:100,1
DA:101,1
DA:102,1
DA:103,1
DA:104,1
DA:105,1
DA:106,1
DA:107,1
DA:108,1
DA:109,1
DA:110,32
DA:111,1
DA:112,1
DA:113,32
DA:114,32
DA:115,1
DA:116,1
DA:117,32
DA:118,32
DA:119,32
DA:120,1
DA:121,1
DA:122,32
DA:123,32
DA:124,1
DA:125,1
DA:126,32
DA:127,1
DA:128,1
DA:129,32
DA:130,6
DA:131,6
DA:132,1
DA:133,1
DA:134,1
DA:135,1
DA:136,32
DA:137,1
DA:138,1
DA:139,1
DA:140,32
DA:141,1
DA:142,32
DA:143,32
DA:144,1
DA:145,1
DA:146,1
DA:147,32
DA:148,1
LF:133
LH:133
end_of_record
TN:
SF:/Users/gjones/Documents/projects/hapi-swagger/lib/definitions.js
DA:1,1
DA:2,1
DA:3,1
DA:4,1
DA:5,1
DA:6,1
DA:7,1
DA:8,1
DA:9,1
DA:10,1
DA:11,1
DA:12,1
DA:13,1
DA:14,1
DA:15,1
DA:16,1
DA:17,1
DA:18,1
DA:19,1
DA:20,1
DA:21,1
DA:22,1
DA:23,11
DA:24,1
DA:25,1
DA:26,1
DA:27,1
DA:28,1
DA:29,11
DA:30,1
DA:31,36
DA:32,1
DA:33,36
DA:34,4
DA:35,1
DA:36,1
DA:37,4
DA:38,1
DA:39,1
DA:40,1
DA:41,36
DA:42,128
DA:43,48
DA:44,1
DA:45,1
DA:46,36
DA:47,1
DA:48,1
DA:49,36
DA:50,36
DA:51,1
DA:52,1
DA:53,1
DA:54,11
DA:55,1
DA:56,1
DA:57,1
DA:58,1
DA:59,1
DA:60,1
DA:61,1
DA:62,1
DA:63,1
DA:64,1
DA:65,1
DA:66,1
DA:67,1
DA:68,1
DA:69,1
DA:70,1
LF:59
LH:59
end_of_record
TN:
SF:/Users/gjones/Documents/projects/hapi-swagger/lib/filter.js
DA:1,1
DA:2,1
DA:3,1
DA:4,1
DA:5,1
DA:6,1
DA:7,1
DA:8,1
DA:9,1
DA:10,1
DA:11,1
DA:12,1
DA:13,1
DA:14,1
DA:15,1
DA:16,1
DA:17,1
DA:18,1
DA:19,1
DA:20,1
DA:21,1
DA:22,1
DA:23,1
DA:24,1
DA:25,1
DA:26,1
DA:27,1
DA:28,1
DA:29,1
DA:30,1
DA:31,6
DA:32,1
DA:33,1
DA:34,6
DA:35,1
DA:36,48
DA:37,96
DA:38,1
DA:39,8
DA:40,8
DA:41,1
DA:42,1
DA:43,8
DA:44,1
DA:45,8
DA:46,8
DA:47,7
DA:48,1
DA:49,8
DA:50,1
DA:51,1
DA:52,1
DA:53,1
DA:54,48
DA:55,12
DA:56,1
DA:57,1
DA:58,1
DA:59,36
DA:60,10
DA:61,1
DA:62,1
DA:63,1
DA:64,26
DA:65,1
DA:66,1
DA:67,1
LF:56
LH:56
end_of_record
TN:
SF:/Users/gjones/Documents/projects/hapi-swagger/lib/group.js
DA:1,1
DA:2,1
DA:3,1
DA:4,1
DA:5,1
DA:6,1
DA:7,1
DA:8,1
DA:9,1
DA:10,1
DA:11,1
DA:12,1
DA:13,1
DA:14,1
DA:15,1
DA:16,1
DA:17,1
DA:18,1
DA:19,1
DA:20,1
DA:21,32
DA:22,1
DA:23,1
DA:24,1
DA:25,1
DA:26,1
DA:27,1
DA:28,32
DA:29,117
DA:30,117
DA:31,39
DA:32,39
DA:33,1
DA:34,39
DA:35,1
DA:36,1
DA:37,1
DA:38,39
DA:39,1
DA:40,117
DA:41,1
DA:42,32
DA:43,1
DA:44,1
DA:45,1
DA:46,1
DA:47,1
DA:48,1
DA:49,1
DA:50,1
DA:51,1
DA:52,1
DA:53,1
DA:54,1
DA:55,44
DA:56,1
DA:57,1
DA:58,1
DA:59,1
DA:60,44
DA:61,44
DA:62,91
DA:63,91
DA:64,46
DA:65,1
DA:66,46
DA:67,1
DA:68,1
DA:69,91
DA:70,42
DA:71,1
DA:72,1
DA:73,44
DA:74,44
DA:75,1
LF:68
LH:68
end_of_record
TN:
SF:/Users/gjones/Documents/projects/hapi-swagger/lib/index.js
DA:1,1
DA:2,1
DA:3,1
DA:4,1
DA:5,1
DA:6,1
DA:7,1
DA:8,1
DA:9,1
DA:10,1
DA:11,1
DA:12,1
DA:13,1
DA:14,1
DA:15,1
DA:16,1
DA:17,1
DA:18,1
DA:19,1
DA:20,1
DA:21,1
DA:22,1
DA:23,1
DA:24,1
DA:25,1
DA:26,1
DA:27,1
DA:28,1
DA:29,1
DA:30,1
DA:31,1
DA:32,1
DA:33,1
DA:34,1
DA:35,1
DA:36,1
DA:37,1
DA:38,1
DA:39,1
DA:40,1
DA:41,1
DA:42,1
DA:43,1
DA:44,37
DA:45,1
DA:46,1
DA:47,37
DA:48,36
DA:49,1
DA:50,1
DA:51,1
DA:52,35
DA:53,1
DA:54,1
DA:55,1
DA:56,1
DA:57,1
DA:58,1
DA:59,1
DA:60,1
DA:61,1
DA:62,35
DA:63,1
DA:64,1
DA:65,1
DA:66,1
DA:67,1
DA:68,1
DA:69,1
DA:70,35
DA:71,34
DA:72,1
DA:73,1
DA:74,1
DA:75,1
DA:76,1
DA:77,1
DA:78,3
DA:79,1
DA:80,1
DA:81,1
DA:82,1
DA:83,1
DA:84,1
DA:85,1
DA:86,1
DA:87,1
DA:88,1
DA:89,1
DA:90,1
DA:91,1
DA:92,1
DA:93,1
DA:94,1
DA:95,1
DA:96,1
DA:97,1
DA:98,35
DA:99,35
DA:100,1
DA:101,1
DA:102,1
DA:103,1
DA:104,1
DA:105,1
DA:106,1
DA:107,1
DA:108,1
DA:109,1
DA:110,1
DA:111,1
DA:112,1
DA:113,1
DA:114,1
DA:115,1
DA:116,1
DA:117,1
DA:118,1
DA:119,35
DA:120,38
DA:121,1
DA:122,38
DA:123,1
DA:124,3
DA:125,1
DA:126,1
DA:127,3
DA:128,1
DA:129,38
DA:130,1
DA:131,1
DA:132,1
DA:133,1
DA:134,1
DA:135,1
DA:136,1
DA:137,1
DA:138,1
DA:139,1
DA:140,1
DA:141,35
DA:142,1
DA:143,1
DA:144,32
DA:145,1
DA:146,1
DA:147,1
DA:148,1
DA:149,1
DA:150,1
DA:151,1
DA:152,1
DA:153,1
DA:154,1
DA:155,1
DA:156,1
DA:157,1
DA:158,1
DA:159,1
DA:160,1
DA:161,1
DA:162,1
DA:163,1
DA:164,1
DA:165,1
LF:149
LH:149
end_of_record
TN:
SF:/Users/gjones/Documents/projects/hapi-swagger/lib/info.js
DA:1,1
DA:2,1
DA:3,1
DA:4,1
DA:5,1
DA:6,1
DA:7,1
DA:8,1
DA:9,1
DA:10,1
DA:11,1
DA:12,1
DA:13,1
DA:14,1
DA:15,1
DA:16,1
DA:17,1
DA:18,1
DA:19,1
DA:20,1
DA:21,1
DA:22,1
DA:23,1
DA:24,1
DA:25,1
DA:26,1
DA:27,1
DA:28,1
DA:29,1
DA:30,1
DA:31,1
DA:32,1
DA:33,1
DA:34,1
DA:35,1
DA:36,1
DA:37,1
DA:38,1
DA:39,1
DA:40,1
DA:41,1
DA:42,1
DA:43,1
DA:44,1
DA:45,1
DA:46,32
DA:47,32
DA:48,32
DA:49,1
LF:40
LH:40
end_of_record
TN:
SF:/Users/gjones/Documents/projects/hapi-swagger/lib/paths.js
DA:1,1
DA:2,1
DA:3,1
DA:4,1
DA:5,1
DA:6,1
DA:7,1
DA:8,1
DA:9,1
DA:10,1
DA:11,1
DA:12,1
DA:13,1
DA:14,1
DA:15,1
DA:16,1
DA:17,1
DA:18,1
DA:19,1
DA:20,1
DA:21,32
DA:22,1
DA:23,32
DA:24,1
DA:25,0
DA:26,1
DA:27,1
DA:28,1
DA:29,0
DA:30,39
DA:31,1
DA:32,1
DA:33,1
DA:34,1
DA:35,1
DA:36,1
DA:37,1
DA:38,1
DA:39,1
DA:40,1
DA:41,1
DA:42,0
DA:43,0
DA:44,0
DA:45,1
DA:46,1
DA:47,1
DA:48,1
DA:49,1
DA:50,39
DA:51,1
DA:52,1
DA:53,39
DA:54,2
DA:55,1
DA:56,39
DA:57,1
DA:58,1
DA:59,39
DA:60,1
DA:61,1
DA:62,1
DA:63,1
DA:64,0
DA:65,0
DA:66,0
DA:67,0
DA:68,1
DA:69,1
DA:70,1
DA:71,1
DA:72,1
DA:73,0
DA:74,1
DA:75,0
DA:76,1
DA:77,0
DA:78,0
DA:79,0
DA:80,1
DA:81,1
DA:82,1
DA:83,0
DA:84,0
DA:85,0
DA:86,0
DA:87,1
DA:88,1
DA:89,1
DA:90,39
DA:91,1
DA:92,1
DA:93,1
DA:94,1
DA:95,1
DA:96,32
DA:97,1
DA:98,1
DA:99,1
DA:100,1
DA:101,1
DA:102,1
DA:103,1
DA:104,32
DA:105,1
DA:106,1
DA:107,32
DA:108,1
DA:109,1
DA:110,1
DA:111,39
DA:112,1
DA:113,1
DA:114,1
DA:115,0
DA:116,1
DA:117,1
DA:118,1
DA:119,1
DA:120,1
DA:121,0
DA:122,39
DA:123,1
DA:124,1
DA:125,0
DA:126,0
DA:127,1
DA:128,39
DA:129,39
DA:130,39
DA:131,1
DA:132,1
DA:133,39
DA:134,39
DA:135,39
DA:136,39
DA:137,1
DA:138,1
DA:139,39
DA:140,0
DA:141,0
DA:142,1
DA:143,1
DA:144,1
DA:145,0
DA:146,1
DA:147,38
DA:148,38
DA:149,10
DA:150,0
DA:151,1
DA:152,1
DA:153,1
DA:154,38
DA:155,38
DA:156,38
DA:157,1
DA:158,1
DA:159,1
DA:160,38
DA:161,10
DA:162,1
DA:163,1
DA:164,1
DA:165,1
DA:166,1
DA:167,1
DA:168,1
DA:169,1
DA:170,1
DA:171,1
DA:172,1
DA:173,1
DA:174,1
DA:175,1
DA:176,1
DA:177,1
DA:178,1
DA:179,1
DA:180,1
DA:181,1
DA:182,1
DA:183,1
DA:184,1
DA:185,1
DA:186,39
DA:187,1
DA:188,1
DA:189,1
DA:190,1
DA:191,1
DA:192,39
DA:193,11
DA:194,1
DA:195,1
DA:196,1
DA:197,1
DA:198,1
DA:199,1
DA:200,39
DA:201,1
DA:202,1
DA:203,0
DA:204,1
DA:205,39
DA:206,1
DA:207,1
DA:208,1
DA:209,1
DA:210,1
DA:211,1
DA:212,0
DA:213,1
DA:214,1
DA:215,1
DA:216,1
DA:217,0
DA:218,1
DA:219,0
DA:220,1
DA:221,1
DA:222,1
DA:223,0
DA:224,39
DA:225,1
DA:226,39
DA:227,1
DA:228,1
DA:229,1
DA:230,1
DA:231,1
DA:232,32
DA:233,32
DA:234,1
DA:235,1
DA:236,1
DA:237,1
DA:238,1
DA:239,1
DA:240,1
DA:241,1
DA:242,1
DA:243,1
DA:244,1
DA:245,5
DA:246,5
DA:247,0
DA:248,8
DA:249,1
DA:250,1
DA:251,1
DA:252,1
DA:253,1
DA:254,5
DA:255,1
DA:256,1
DA:257,1
DA:258,1
DA:259,1
DA:260,1
DA:261,1
DA:262,1
DA:263,1
DA:264,195
DA:265,1
DA:266,195
DA:267,0
DA:268,10
DA:269,1
DA:270,1
DA:271,0
DA:272,0
DA:273,1
DA:274,1
DA:275,1
DA:276,1
DA:277,195
DA:278,1
DA:279,1
DA:280,1
DA:281,1
DA:282,1
DA:283,0
DA:284,0
DA:285,1
DA:286,0
DA:287,1
DA:288,1
DA:289,157
DA:290,157
DA:291,157
DA:292,47
DA:293,47
DA:294,0
DA:295,0
DA:296,1
DA:297,47
DA:298,47
DA:299,11
DA:300,0
DA:301,0
DA:302,1
DA:303,1
DA:304,47
DA:305,1
DA:306,1
DA:307,157
DA:308,1
DA:309,1
DA:310,1
DA:311,1
DA:312,1
DA:313,157
DA:314,1
DA:315,1
DA:316,1
DA:317,1
DA:318,1
DA:319,157
DA:320,0
DA:321,1
DA:322,141
DA:323,1
DA:324,1
DA:325,0
DA:326,0
DA:327,1
DA:328,1
DA:329,0
DA:330,16
DA:331,1
DA:332,16
DA:333,47
DA:334,47
DA:335,47
DA:336,47
DA:337,1
DA:338,1
DA:339,1
DA:340,16
DA:341,1
DA:342,1
DA:343,1
DA:344,0
DA:345,0
DA:346,0
DA:347,0
DA:348,0
DA:349,1
DA:350,1
DA:351,1
DA:352,39
DA:353,1
DA:354,1
DA:355,1
DA:356,1
DA:357,1
DA:358,124
DA:359,1
DA:360,67
DA:361,1
DA:362,1
DA:363,1
DA:364,57
DA:365,1
DA:366,1
DA:367,0
DA:368,1
DA:369,1
DA:370,57
DA:371,1
DA:372,1
DA:373,1
DA:374,1
DA:375,57
DA:376,1
DA:377,1
DA:378,1
DA:379,1
DA:380,0
DA:381,56
DA:382,56
DA:383,56
DA:384,4
DA:385,1
DA:386,0
DA:387,0
DA:388,1
DA:389,0
DA:390,0
DA:391,1
DA:392,1
DA:393,1
DA:394,1
DA:395,1
DA:396,1
DA:397,1
DA:398,0
DA:399,0
DA:400,1
DA:401,1
DA:402,1
DA:403,56
DA:404,1
DA:405,0
DA:406,1
DA:407,0
DA:408,1
DA:409,1
DA:410,1
DA:411,1
DA:412,56
DA:413,27
DA:414,27
DA:415,0
DA:416,0
DA:417,1
DA:418,1
DA:419,1
DA:420,1
DA:421,1
DA:422,1
DA:423,1
DA:424,1
DA:425,1
DA:426,1
DA:427,1
DA:428,1
DA:429,0
DA:430,0
DA:431,0
DA:432,1
DA:433,0
DA:434,1
DA:435,0
DA:436,1
DA:437,0
DA:438,1
DA:439,0
DA:440,1
DA:441,1
DA:442,1
DA:443,0
DA:444,1
DA:445,0
DA:446,0
DA:447,0
DA:448,1
DA:449,1
DA:450,1
DA:451,1
DA:452,1
DA:453,0
DA:454,1
DA:455,0
DA:456,0
DA:457,1
DA:458,1
DA:459,1
DA:460,1
DA:461,0
DA:462,0
DA:463,1
DA:464,1
DA:465,1
DA:466,0
DA:467,1
DA:468,1
DA:469,1
DA:470,1
DA:471,1
DA:472,1
DA:473,1
DA:474,1
DA:475,56
DA:476,1
DA:477,0
DA:478,0
DA:479,1
DA:480,0
DA:481,0
DA:482,1
DA:483,1
DA:484,1
DA:485,1
DA:486,1
DA:487,1
DA:488,1
DA:489,0
DA:490,0
DA:491,0
DA:492,1
DA:493,0
DA:494,1
DA:495,1
DA:496,56
DA:497,1
DA:498,1
DA:499,1
DA:500,1
DA:501,1
DA:502,1
DA:503,1
DA:504,1
DA:505,1
DA:506,0
DA:507,54
DA:508,1
DA:509,1
DA:510,0
DA:511,0
DA:512,0
DA:513,0
DA:514,1
DA:515,0
DA:516,1
DA:517,1
DA:518,0
DA:519,0
DA:520,0
DA:521,1
DA:522,1
DA:523,1
DA:524,1
DA:525,1
DA:526,1
DA:527,1
DA:528,0
DA:529,0
DA:530,0
DA:531,1
DA:532,1
DA:533,1
DA:534,1
DA:535,1
DA:536,1
DA:537,1
DA:538,1
DA:539,0
DA:540,1
DA:541,1
DA:542,1
DA:543,1
DA:544,1
DA:545,1
DA:546,1
DA:547,1
DA:548,1
DA:549,0
DA:550,1
DA:551,1
DA:552,0
DA:553,1
DA:554,0
DA:555,1
DA:556,1
DA:557,0
DA:558,0
DA:559,1
DA:560,1
DA:561,1
DA:562,1
DA:563,1
DA:564,1
DA:565,1
DA:566,1
DA:567,1
DA:568,1
DA:569,1
DA:570,1
DA:571,1
DA:572,1
DA:573,1
DA:574,1
DA:575,1
DA:576,1
DA:577,1
DA:578,1
DA:579,1
DA:580,1
DA:581,1
DA:582,1
DA:583,1
DA:584,1
DA:585,0
DA:586,1
DA:587,1
LF:489
LH:382
end_of_record
TN:
SF:/Users/gjones/Documents/projects/hapi-swagger/lib/tags.js
DA:1,1
DA:2,1
DA:3,1
DA:4,1
DA:5,1
DA:6,1
DA:7,1
DA:8,1
DA:9,1
DA:10,1
DA:11,1
DA:12,1
DA:13,1
DA:14,1
DA:15,1
DA:16,1
DA:17,1
DA:18,1
DA:19,1
DA:20,1
DA:21,1
DA:22,1
DA:23,1
DA:24,1
DA:25,1
DA:26,1
DA:27,1
DA:28,1
DA:29,1
DA:30,1
DA:31,1
DA:32,1
DA:33,1
DA:34,1
DA:35,32
DA:36,2
DA:37,2
DA:38,1
DA:39,30
DA:40,1
DA:41,1
DA:42,1
DA:43,1
LF:34
LH:34
end_of_record
TN:
SF:/Users/gjones/Documents/projects/hapi-swagger/lib/utilities.js
DA:1,1
DA:2,1
DA:3,1
DA:4,1
DA:5,1
DA:6,1
DA:7,1
DA:8,1
DA:9,1
DA:10,1
DA:11,1
DA:12,1
DA:13,1
DA:14,1
DA:15,1
DA:16,1
DA:17,42
DA:18,42
DA:19,4
DA:20,1
DA:21,1
DA:22,1
DA:23,41
DA:24,1
LF:22
LH:22
end_of_record
